<?xml version="1.0" encoding="UTF-8"?>
<!-- Generated by org.testng.reporters.JUnitReportReporter -->
<testsuite hostname="DESKTOP-EG97OMK" failures="0" tests="4" name="testng.Annotaions" time="0.083" errors="0" timestamp="2023-01-28T12:56:57 IST" skipped="0">
  <testcase classname="testng.Annotaions" name="tes3" time="0.019"/>
  <system-out/>
  <testcase classname="testng.Annotaions" name="beformethod" time="0.027"/>
  <system-out/>
  <testcase classname="testng.Annotaions" name="tes1" time="0.015"/>
  <system-out/>
  <testcase classname="testng.Annotaions" name="tes2" time="0.022"/>
  <system-out/>
</testsuite> <!-- testng.Annotaions -->
